<?xml version="1.0" encoding="UTF-8"?>
<testng-results skipped="11" failed="0" total="11" passed="0">
  <reporter-output>
  </reporter-output>
  <suite name="Default suite" duration-ms="46791" started-at="2016-11-04T10:14:46Z" finished-at="2016-11-04T10:15:33Z">
    <groups>
    </groups>
    <test name="Default test" duration-ms="46791" started-at="2016-11-04T10:14:46Z" finished-at="2016-11-04T10:15:33Z">
      <class name="com.qait.demo.tests.TestLevel2_GenericEcommerseSiteTest_Stubs_Written_Method_Needs_To_Be_Implemented">
        <test-method status="FAIL" signature="Start_Test_Session()[pri:0, instance:com.qait.demo.tests.TestLevel2_GenericEcommerseSiteTest_Stubs_Written_Method_Needs_To_Be_Implemented@91161c7]" name="Start_Test_Session" is-config="true" duration-ms="0" started-at="2016-11-04T15:44:46Z" finished-at="2016-11-04T15:44:46Z">
          <exception class="org.openqa.selenium.WebDriverException">
            <message>
              <![CDATA[Failed to connect to binary FirefoxBinary(C:\Program Files (x86)\Mozilla Firefox\firefox.exe) on port 7055; process output follows: 
29	addons.xpi	DEBUG	Calling bootstrap method startup on firefox@getpocket.com version 1.0.4
1478254488431	addons.xpi	DEBUG	Registering manifest for C:\Program Files (x86)\Mozilla Firefox\browser\features\webcompat@mozilla.org.xpi
1478254488432	addons.xpi	DEBUG	Calling bootstrap method startup on webcompat@mozilla.org version 1.0
1478254488432	addons.xpi	DEBUG	Registering manifest for C:\Program Files (x86)\Mozilla Firefox\browser\extensions\{82AF8DCA-6DE9-405D-BD5E-43525BDAD38A}.xpi
1478254488433	addons.xpi	DEBUG	Calling bootstrap method startup on {82AF8DCA-6DE9-405D-BD5E-43525BDAD38A} version 8.3.0.9150
1478254488444	addons.manager	DEBUG	Registering shutdown blocker for XPIProvider
1478254488445	addons.manager	DEBUG	Provider finished startup: XPIProvider
1478254488445	addons.manager	DEBUG	Starting provider: LightweightThemeManager
1478254488445	addons.manager	DEBUG	Registering shutdown blocker for LightweightThemeManager
1478254488445	addons.manager	DEBUG	Provider finished startup: LightweightThemeManager
1478254488446	addons.manager	DEBUG	Starting provider: GMPProvider
1478254488454	addons.manager	DEBUG	Registering shutdown blocker for GMPProvider
1478254488454	addons.manager	DEBUG	Provider finished startup: GMPProvider
1478254488454	addons.manager	DEBUG	Starting provider: PluginProvider
1478254488455	addons.manager	DEBUG	Registering shutdown blocker for PluginProvider
1478254488455	addons.manager	DEBUG	Provider finished startup: PluginProvider
1478254488456	addons.manager	DEBUG	Completed startup sequence
1478254489580	addons.manager	DEBUG	Starting provider: <unnamed-provider>
1478254489581	addons.manager	DEBUG	Registering shutdown blocker for <unnamed-provider>
1478254489581	addons.manager	DEBUG	Provider finished startup: <unnamed-provider>
1478254490131	DeferredSave.extensions.json	DEBUG	Write succeeded
1478254490131	addons.xpi-utils	DEBUG	XPI Database saved, setting schema version preference to 17
1478254490131	DeferredSave.extensions.json	DEBUG	Starting timer
1478254490144	addons.repository	DEBUG	No addons.json found.
1478254490145	DeferredSave.addons.json	DEBUG	Save changes
1478254490149	DeferredSave.addons.json	DEBUG	Starting timer
1478254490218	addons.manager	DEBUG	Starting provider: PreviousExperimentProvider
1478254490218	addons.manager	DEBUG	Registering shutdown blocker for PreviousExperimentProvider
1478254490218	addons.manager	DEBUG	Provider finished startup: PreviousExperimentProvider
1478254490223	DeferredSave.extensions.json	DEBUG	Starting write
1478254490224	DeferredSave.addons.json	DEBUG	Starting write
1478254490270	DeferredSave.extensions.json	DEBUG	Write succeeded
1478254490274	DeferredSave.addons.json	DEBUG	Write succeeded
1478254501252	addons.xpi	DEBUG	Calling bootstrap method shutdown on e10srollout@mozilla.org version 1.3
1478254501255	addons.xpi	DEBUG	Calling bootstrap method shutdown on firefox@getpocket.com version 1.0.4
1478254501260	addons.xpi	DEBUG	Calling bootstrap method shutdown on webcompat@mozilla.org version 1.0
1478254501260	addons.xpi	DEBUG	Calling bootstrap method shutdown on {82AF8DCA-6DE9-405D-BD5E-43525BDAD38A} version 8.3.0.9150
[Child 3056] WARNING: pipe error: 109: file c:/builds/moz2_slave/m-rel-w32-00000000000000000000/build/src/ipc/chromium/src/chrome/common/ipc_channel_win.cc, line 346
1478254501504	addons.manager	DEBUG	shutdown
1478254501504	addons.manager	DEBUG	Calling shutdown blocker for XPIProvider
1478254501504	addons.xpi	DEBUG	shutdown
1478254501504	addons.xpi-utils	DEBUG	shutdown
1478254501505	addons.manager	DEBUG	Calling shutdown blocker for LightweightThemeManager
1478254501505	addons.manager	DEBUG	Calling shutdown blocker for GMPProvider
1478254501508	addons.manager	DEBUG	Calling shutdown blocker for PluginProvider
1478254501509	addons.manager	DEBUG	Calling shutdown blocker for <unnamed-provider>
1478254501510	addons.manager	DEBUG	Calling shutdown blocker for PreviousExperimentProvider
1478254501513	addons.xpi	DEBUG	Notifying XPI shutdown observers
1478254501516	addons.manager	DEBUG	Async provider shutdown done

Build info: version: '2.53.1', revision: 'a36b8b1cd5757287168e54b817830adce9b0158d', time: '2016-06-30 19:26:09'
System info: host: 'ASDP1513PO01976', ip: '10.0.31.248', os.name: 'Windows 10', os.arch: 'amd64', os.version: '10.0', java.version: '1.8.0_65'
Driver info: driver.version: FirefoxDriver]]>
            </message>
            <full-stacktrace>
              <![CDATA[org.openqa.selenium.WebDriverException: Failed to connect to binary FirefoxBinary(C:\Program Files (x86)\Mozilla Firefox\firefox.exe) on port 7055; process output follows: 
29	addons.xpi	DEBUG	Calling bootstrap method startup on firefox@getpocket.com version 1.0.4
1478254488431	addons.xpi	DEBUG	Registering manifest for C:\Program Files (x86)\Mozilla Firefox\browser\features\webcompat@mozilla.org.xpi
1478254488432	addons.xpi	DEBUG	Calling bootstrap method startup on webcompat@mozilla.org version 1.0
1478254488432	addons.xpi	DEBUG	Registering manifest for C:\Program Files (x86)\Mozilla Firefox\browser\extensions\{82AF8DCA-6DE9-405D-BD5E-43525BDAD38A}.xpi
1478254488433	addons.xpi	DEBUG	Calling bootstrap method startup on {82AF8DCA-6DE9-405D-BD5E-43525BDAD38A} version 8.3.0.9150
1478254488444	addons.manager	DEBUG	Registering shutdown blocker for XPIProvider
1478254488445	addons.manager	DEBUG	Provider finished startup: XPIProvider
1478254488445	addons.manager	DEBUG	Starting provider: LightweightThemeManager
1478254488445	addons.manager	DEBUG	Registering shutdown blocker for LightweightThemeManager
1478254488445	addons.manager	DEBUG	Provider finished startup: LightweightThemeManager
1478254488446	addons.manager	DEBUG	Starting provider: GMPProvider
1478254488454	addons.manager	DEBUG	Registering shutdown blocker for GMPProvider
1478254488454	addons.manager	DEBUG	Provider finished startup: GMPProvider
1478254488454	addons.manager	DEBUG	Starting provider: PluginProvider
1478254488455	addons.manager	DEBUG	Registering shutdown blocker for PluginProvider
1478254488455	addons.manager	DEBUG	Provider finished startup: PluginProvider
1478254488456	addons.manager	DEBUG	Completed startup sequence
1478254489580	addons.manager	DEBUG	Starting provider: <unnamed-provider>
1478254489581	addons.manager	DEBUG	Registering shutdown blocker for <unnamed-provider>
1478254489581	addons.manager	DEBUG	Provider finished startup: <unnamed-provider>
1478254490131	DeferredSave.extensions.json	DEBUG	Write succeeded
1478254490131	addons.xpi-utils	DEBUG	XPI Database saved, setting schema version preference to 17
1478254490131	DeferredSave.extensions.json	DEBUG	Starting timer
1478254490144	addons.repository	DEBUG	No addons.json found.
1478254490145	DeferredSave.addons.json	DEBUG	Save changes
1478254490149	DeferredSave.addons.json	DEBUG	Starting timer
1478254490218	addons.manager	DEBUG	Starting provider: PreviousExperimentProvider
1478254490218	addons.manager	DEBUG	Registering shutdown blocker for PreviousExperimentProvider
1478254490218	addons.manager	DEBUG	Provider finished startup: PreviousExperimentProvider
1478254490223	DeferredSave.extensions.json	DEBUG	Starting write
1478254490224	DeferredSave.addons.json	DEBUG	Starting write
1478254490270	DeferredSave.extensions.json	DEBUG	Write succeeded
1478254490274	DeferredSave.addons.json	DEBUG	Write succeeded
1478254501252	addons.xpi	DEBUG	Calling bootstrap method shutdown on e10srollout@mozilla.org version 1.3
1478254501255	addons.xpi	DEBUG	Calling bootstrap method shutdown on firefox@getpocket.com version 1.0.4
1478254501260	addons.xpi	DEBUG	Calling bootstrap method shutdown on webcompat@mozilla.org version 1.0
1478254501260	addons.xpi	DEBUG	Calling bootstrap method shutdown on {82AF8DCA-6DE9-405D-BD5E-43525BDAD38A} version 8.3.0.9150
[Child 3056] WARNING: pipe error: 109: file c:/builds/moz2_slave/m-rel-w32-00000000000000000000/build/src/ipc/chromium/src/chrome/common/ipc_channel_win.cc, line 346
1478254501504	addons.manager	DEBUG	shutdown
1478254501504	addons.manager	DEBUG	Calling shutdown blocker for XPIProvider
1478254501504	addons.xpi	DEBUG	shutdown
1478254501504	addons.xpi-utils	DEBUG	shutdown
1478254501505	addons.manager	DEBUG	Calling shutdown blocker for LightweightThemeManager
1478254501505	addons.manager	DEBUG	Calling shutdown blocker for GMPProvider
1478254501508	addons.manager	DEBUG	Calling shutdown blocker for PluginProvider
1478254501509	addons.manager	DEBUG	Calling shutdown blocker for <unnamed-provider>
1478254501510	addons.manager	DEBUG	Calling shutdown blocker for PreviousExperimentProvider
1478254501513	addons.xpi	DEBUG	Notifying XPI shutdown observers
1478254501516	addons.manager	DEBUG	Async provider shutdown done

Build info: version: '2.53.1', revision: 'a36b8b1cd5757287168e54b817830adce9b0158d', time: '2016-06-30 19:26:09'
System info: host: 'ASDP1513PO01976', ip: '10.0.31.248', os.name: 'Windows 10', os.arch: 'amd64', os.version: '10.0', java.version: '1.8.0_65'
Driver info: driver.version: FirefoxDriver
	at org.openqa.selenium.firefox.internal.NewProfileExtensionConnection.start(NewProfileExtensionConnection.java:125)
	at org.openqa.selenium.firefox.FirefoxDriver.startClient(FirefoxDriver.java:271)
	at org.openqa.selenium.remote.RemoteWebDriver.<init>(RemoteWebDriver.java:119)
	at org.openqa.selenium.firefox.FirefoxDriver.<init>(FirefoxDriver.java:216)
	at org.openqa.selenium.firefox.FirefoxDriver.<init>(FirefoxDriver.java:211)
	at org.openqa.selenium.firefox.FirefoxDriver.<init>(FirefoxDriver.java:207)
	at org.openqa.selenium.firefox.FirefoxDriver.<init>(FirefoxDriver.java:124)
	at com.qait.automation.WebDriverFactory.getFirefoxDriver(WebDriverFactory.java:96)
	at com.qait.automation.WebDriverFactory.getDriver(WebDriverFactory.java:31)
	at com.qait.automation.TestSessionInitiator._configureBrowser(TestSessionInitiator.java:78)
	at com.qait.automation.TestSessionInitiator.testInitiator(TestSessionInitiator.java:73)
	at com.qait.automation.TestSessionInitiator.<init>(TestSessionInitiator.java:68)
	at com.qait.demo.tests.TestLevel2_GenericEcommerseSiteTest_Stubs_Written_Method_Needs_To_Be_Implemented.Start_Test_Session(TestLevel2_GenericEcommerseSiteTest_Stubs_Written_Method_Needs_To_Be_Implemented.java:36)
	at sun.reflect.NativeMethodAccessorImpl.invoke0(Native Method)
	at sun.reflect.NativeMethodAccessorImpl.invoke(Unknown Source)
	at sun.reflect.DelegatingMethodAccessorImpl.invoke(Unknown Source)
	at java.lang.reflect.Method.invoke(Unknown Source)
	at org.testng.internal.MethodInvocationHelper.invokeMethod(MethodInvocationHelper.java:84)
	at org.testng.internal.Invoker.invokeConfigurationMethod(Invoker.java:564)
	at org.testng.internal.Invoker.invokeConfigurations(Invoker.java:213)
	at org.testng.internal.Invoker.invokeConfigurations(Invoker.java:138)
	at org.testng.internal.TestMethodWorker.invokeBeforeClassMethods(TestMethodWorker.java:175)
	at org.testng.internal.TestMethodWorker.run(TestMethodWorker.java:107)
	at org.testng.TestRunner.privateRun(TestRunner.java:767)
	at org.testng.TestRunner.run(TestRunner.java:617)
	at org.testng.SuiteRunner.runTest(SuiteRunner.java:334)
	at org.testng.SuiteRunner.runSequentially(SuiteRunner.java:329)
	at org.testng.SuiteRunner.privateRun(SuiteRunner.java:291)
	at org.testng.SuiteRunner.run(SuiteRunner.java:240)
	at org.testng.SuiteRunnerWorker.runSuite(SuiteRunnerWorker.java:52)
	at org.testng.SuiteRunnerWorker.run(SuiteRunnerWorker.java:86)
	at org.testng.TestNG.runSuitesSequentially(TestNG.java:1224)
	at org.testng.TestNG.runSuitesLocally(TestNG.java:1149)
	at org.testng.TestNG.run(TestNG.java:1057)
	at org.testng.remote.AbstractRemoteTestNG.run(AbstractRemoteTestNG.java:126)
	at org.testng.remote.RemoteTestNG.initAndRun(RemoteTestNG.java:152)
	at org.testng.remote.RemoteTestNG.main(RemoteTestNG.java:57)
Caused by: org.openqa.selenium.firefox.NotConnectedException: Unable to connect to host 127.0.0.1 on port 7055 after 45000 ms. Firefox console output:
29	addons.xpi	DEBUG	Calling bootstrap method startup on firefox@getpocket.com version 1.0.4
1478254488431	addons.xpi	DEBUG	Registering manifest for C:\Program Files (x86)\Mozilla Firefox\browser\features\webcompat@mozilla.org.xpi
1478254488432	addons.xpi	DEBUG	Calling bootstrap method startup on webcompat@mozilla.org version 1.0
1478254488432	addons.xpi	DEBUG	Registering manifest for C:\Program Files (x86)\Mozilla Firefox\browser\extensions\{82AF8DCA-6DE9-405D-BD5E-43525BDAD38A}.xpi
1478254488433	addons.xpi	DEBUG	Calling bootstrap method startup on {82AF8DCA-6DE9-405D-BD5E-43525BDAD38A} version 8.3.0.9150
1478254488444	addons.manager	DEBUG	Registering shutdown blocker for XPIProvider
1478254488445	addons.manager	DEBUG	Provider finished startup: XPIProvider
1478254488445	addons.manager	DEBUG	Starting provider: LightweightThemeManager
1478254488445	addons.manager	DEBUG	Registering shutdown blocker for LightweightThemeManager
1478254488445	addons.manager	DEBUG	Provider finished startup: LightweightThemeManager
1478254488446	addons.manager	DEBUG	Starting provider: GMPProvider
1478254488454	addons.manager	DEBUG	Registering shutdown blocker for GMPProvider
1478254488454	addons.manager	DEBUG	Provider finished startup: GMPProvider
1478254488454	addons.manager	DEBUG	Starting provider: PluginProvider
1478254488455	addons.manager	DEBUG	Registering shutdown blocker for PluginProvider
1478254488455	addons.manager	DEBUG	Provider finished startup: PluginProvider
1478254488456	addons.manager	DEBUG	Completed startup sequence
1478254489580	addons.manager	DEBUG	Starting provider: <unnamed-provider>
1478254489581	addons.manager	DEBUG	Registering shutdown blocker for <unnamed-provider>
1478254489581	addons.manager	DEBUG	Provider finished startup: <unnamed-provider>
1478254490131	DeferredSave.extensions.json	DEBUG	Write succeeded
1478254490131	addons.xpi-utils	DEBUG	XPI Database saved, setting schema version preference to 17
1478254490131	DeferredSave.extensions.json	DEBUG	Starting timer
1478254490144	addons.repository	DEBUG	No addons.json found.
1478254490145	DeferredSave.addons.json	DEBUG	Save changes
1478254490149	DeferredSave.addons.json	DEBUG	Starting timer
1478254490218	addons.manager	DEBUG	Starting provider: PreviousExperimentProvider
1478254490218	addons.manager	DEBUG	Registering shutdown blocker for PreviousExperimentProvider
1478254490218	addons.manager	DEBUG	Provider finished startup: PreviousExperimentProvider
1478254490223	DeferredSave.extensions.json	DEBUG	Starting write
1478254490224	DeferredSave.addons.json	DEBUG	Starting write
1478254490270	DeferredSave.extensions.json	DEBUG	Write succeeded
1478254490274	DeferredSave.addons.json	DEBUG	Write succeeded
1478254501252	addons.xpi	DEBUG	Calling bootstrap method shutdown on e10srollout@mozilla.org version 1.3
1478254501255	addons.xpi	DEBUG	Calling bootstrap method shutdown on firefox@getpocket.com version 1.0.4
1478254501260	addons.xpi	DEBUG	Calling bootstrap method shutdown on webcompat@mozilla.org version 1.0
1478254501260	addons.xpi	DEBUG	Calling bootstrap method shutdown on {82AF8DCA-6DE9-405D-BD5E-43525BDAD38A} version 8.3.0.9150
[Child 3056] WARNING: pipe error: 109: file c:/builds/moz2_slave/m-rel-w32-00000000000000000000/build/src/ipc/chromium/src/chrome/common/ipc_channel_win.cc, line 346
1478254501504	addons.manager	DEBUG	shutdown
1478254501504	addons.manager	DEBUG	Calling shutdown blocker for XPIProvider
1478254501504	addons.xpi	DEBUG	shutdown
1478254501504	addons.xpi-utils	DEBUG	shutdown
1478254501505	addons.manager	DEBUG	Calling shutdown blocker for LightweightThemeManager
1478254501505	addons.manager	DEBUG	Calling shutdown blocker for GMPProvider
1478254501508	addons.manager	DEBUG	Calling shutdown blocker for PluginProvider
1478254501509	addons.manager	DEBUG	Calling shutdown blocker for <unnamed-provider>
1478254501510	addons.manager	DEBUG	Calling shutdown blocker for PreviousExperimentProvider
1478254501513	addons.xpi	DEBUG	Notifying XPI shutdown observers
1478254501516	addons.manager	DEBUG	Async provider shutdown done

	at org.openqa.selenium.firefox.internal.NewProfileExtensionConnection.start(NewProfileExtensionConnection.java:113)
	... 36 more
]]>
            </full-stacktrace>
          </exception> <!-- org.openqa.selenium.WebDriverException -->
          <reporter-output>
          </reporter-output>
        </test-method> <!-- Start_Test_Session -->
        <test-method status="SKIP" signature="handleTestMethodName(java.lang.reflect.Method)[pri:0, instance:com.qait.demo.tests.TestLevel2_GenericEcommerseSiteTest_Stubs_Written_Method_Needs_To_Be_Implemented@91161c7]" name="handleTestMethodName" is-config="true" duration-ms="0" started-at="2016-11-04T15:45:33Z" finished-at="2016-11-04T15:45:33Z">
          <reporter-output>
          </reporter-output>
        </test-method> <!-- handleTestMethodName -->
        <test-method status="SKIP" signature="TestStep1_VerifyTitleOfThePage()[pri:0, instance:com.qait.demo.tests.TestLevel2_GenericEcommerseSiteTest_Stubs_Written_Method_Needs_To_Be_Implemented@91161c7]" name="TestStep1_VerifyTitleOfThePage" duration-ms="3" started-at="2016-11-04T15:45:33Z" finished-at="2016-11-04T15:45:33Z">
          <reporter-output>
          </reporter-output>
        </test-method> <!-- TestStep1_VerifyTitleOfThePage -->
        <test-method status="SKIP" signature="take_screenshot_on_failure(org.testng.ITestResult)[pri:0, instance:com.qait.demo.tests.TestLevel2_GenericEcommerseSiteTest_Stubs_Written_Method_Needs_To_Be_Implemented@91161c7]" name="take_screenshot_on_failure" is-config="true" duration-ms="0" started-at="2016-11-04T15:45:33Z" finished-at="2016-11-04T15:45:33Z">
          <reporter-output>
          </reporter-output>
        </test-method> <!-- take_screenshot_on_failure -->
        <test-method status="SKIP" signature="handleTestMethodName(java.lang.reflect.Method)[pri:0, instance:com.qait.demo.tests.TestLevel2_GenericEcommerseSiteTest_Stubs_Written_Method_Needs_To_Be_Implemented@91161c7]" name="handleTestMethodName" is-config="true" duration-ms="0" started-at="2016-11-04T15:45:33Z" finished-at="2016-11-04T15:45:33Z">
          <reporter-output>
          </reporter-output>
        </test-method> <!-- handleTestMethodName -->
        <test-method status="SKIP" signature="TestStep2_VerifyingSignInButton()[pri:0, instance:com.qait.demo.tests.TestLevel2_GenericEcommerseSiteTest_Stubs_Written_Method_Needs_To_Be_Implemented@91161c7]" name="TestStep2_VerifyingSignInButton" duration-ms="1" started-at="2016-11-04T15:45:33Z" finished-at="2016-11-04T15:45:33Z">
          <reporter-output>
          </reporter-output>
        </test-method> <!-- TestStep2_VerifyingSignInButton -->
        <test-method status="SKIP" signature="take_screenshot_on_failure(org.testng.ITestResult)[pri:0, instance:com.qait.demo.tests.TestLevel2_GenericEcommerseSiteTest_Stubs_Written_Method_Needs_To_Be_Implemented@91161c7]" name="take_screenshot_on_failure" is-config="true" duration-ms="0" started-at="2016-11-04T15:45:33Z" finished-at="2016-11-04T15:45:33Z">
          <reporter-output>
          </reporter-output>
        </test-method> <!-- take_screenshot_on_failure -->
        <test-method status="SKIP" signature="handleTestMethodName(java.lang.reflect.Method)[pri:0, instance:com.qait.demo.tests.TestLevel2_GenericEcommerseSiteTest_Stubs_Written_Method_Needs_To_Be_Implemented@91161c7]" name="handleTestMethodName" is-config="true" duration-ms="0" started-at="2016-11-04T15:45:33Z" finished-at="2016-11-04T15:45:33Z">
          <reporter-output>
          </reporter-output>
        </test-method> <!-- handleTestMethodName -->
        <test-method status="SKIP" signature="TestStep3_VerifyingCartIsPresent()[pri:0, instance:com.qait.demo.tests.TestLevel2_GenericEcommerseSiteTest_Stubs_Written_Method_Needs_To_Be_Implemented@91161c7]" name="TestStep3_VerifyingCartIsPresent" duration-ms="2" started-at="2016-11-04T15:45:33Z" finished-at="2016-11-04T15:45:33Z">
          <reporter-output>
          </reporter-output>
        </test-method> <!-- TestStep3_VerifyingCartIsPresent -->
        <test-method status="SKIP" signature="take_screenshot_on_failure(org.testng.ITestResult)[pri:0, instance:com.qait.demo.tests.TestLevel2_GenericEcommerseSiteTest_Stubs_Written_Method_Needs_To_Be_Implemented@91161c7]" name="take_screenshot_on_failure" is-config="true" duration-ms="0" started-at="2016-11-04T15:45:33Z" finished-at="2016-11-04T15:45:33Z">
          <reporter-output>
          </reporter-output>
        </test-method> <!-- take_screenshot_on_failure -->
        <test-method status="SKIP" signature="handleTestMethodName(java.lang.reflect.Method)[pri:0, instance:com.qait.demo.tests.TestLevel2_GenericEcommerseSiteTest_Stubs_Written_Method_Needs_To_Be_Implemented@91161c7]" name="handleTestMethodName" is-config="true" duration-ms="0" started-at="2016-11-04T15:45:33Z" finished-at="2016-11-04T15:45:33Z">
          <reporter-output>
          </reporter-output>
        </test-method> <!-- handleTestMethodName -->
        <test-method status="SKIP" signature="TestStep2_SearchProduct()[pri:0, instance:com.qait.demo.tests.TestLevel2_GenericEcommerseSiteTest_Stubs_Written_Method_Needs_To_Be_Implemented@91161c7]" name="TestStep2_SearchProduct" duration-ms="2" started-at="2016-11-04T15:45:33Z" finished-at="2016-11-04T15:45:33Z">
          <reporter-output>
          </reporter-output>
        </test-method> <!-- TestStep2_SearchProduct -->
        <test-method status="SKIP" signature="take_screenshot_on_failure(org.testng.ITestResult)[pri:0, instance:com.qait.demo.tests.TestLevel2_GenericEcommerseSiteTest_Stubs_Written_Method_Needs_To_Be_Implemented@91161c7]" name="take_screenshot_on_failure" is-config="true" duration-ms="0" started-at="2016-11-04T15:45:33Z" finished-at="2016-11-04T15:45:33Z">
          <reporter-output>
          </reporter-output>
        </test-method> <!-- take_screenshot_on_failure -->
        <test-method status="SKIP" signature="handleTestMethodName(java.lang.reflect.Method)[pri:0, instance:com.qait.demo.tests.TestLevel2_GenericEcommerseSiteTest_Stubs_Written_Method_Needs_To_Be_Implemented@91161c7]" name="handleTestMethodName" is-config="true" duration-ms="0" started-at="2016-11-04T15:45:33Z" finished-at="2016-11-04T15:45:33Z">
          <reporter-output>
          </reporter-output>
        </test-method> <!-- handleTestMethodName -->
        <test-method status="SKIP" signature="TestStep3_VerifySearchResult()[pri:0, instance:com.qait.demo.tests.TestLevel2_GenericEcommerseSiteTest_Stubs_Written_Method_Needs_To_Be_Implemented@91161c7]" name="TestStep3_VerifySearchResult" duration-ms="1" started-at="2016-11-04T15:45:33Z" finished-at="2016-11-04T15:45:33Z">
          <reporter-output>
          </reporter-output>
        </test-method> <!-- TestStep3_VerifySearchResult -->
        <test-method status="SKIP" signature="take_screenshot_on_failure(org.testng.ITestResult)[pri:0, instance:com.qait.demo.tests.TestLevel2_GenericEcommerseSiteTest_Stubs_Written_Method_Needs_To_Be_Implemented@91161c7]" name="take_screenshot_on_failure" is-config="true" duration-ms="0" started-at="2016-11-04T15:45:33Z" finished-at="2016-11-04T15:45:33Z">
          <reporter-output>
          </reporter-output>
        </test-method> <!-- take_screenshot_on_failure -->
        <test-method status="SKIP" signature="handleTestMethodName(java.lang.reflect.Method)[pri:0, instance:com.qait.demo.tests.TestLevel2_GenericEcommerseSiteTest_Stubs_Written_Method_Needs_To_Be_Implemented@91161c7]" name="handleTestMethodName" is-config="true" duration-ms="0" started-at="2016-11-04T15:45:33Z" finished-at="2016-11-04T15:45:33Z">
          <reporter-output>
          </reporter-output>
        </test-method> <!-- handleTestMethodName -->
        <test-method status="SKIP" signature="TestStep4_SelectFirstProduct()[pri:0, instance:com.qait.demo.tests.TestLevel2_GenericEcommerseSiteTest_Stubs_Written_Method_Needs_To_Be_Implemented@91161c7]" name="TestStep4_SelectFirstProduct" duration-ms="2" started-at="2016-11-04T15:45:33Z" finished-at="2016-11-04T15:45:33Z">
          <reporter-output>
          </reporter-output>
        </test-method> <!-- TestStep4_SelectFirstProduct -->
        <test-method status="SKIP" signature="take_screenshot_on_failure(org.testng.ITestResult)[pri:0, instance:com.qait.demo.tests.TestLevel2_GenericEcommerseSiteTest_Stubs_Written_Method_Needs_To_Be_Implemented@91161c7]" name="take_screenshot_on_failure" is-config="true" duration-ms="0" started-at="2016-11-04T15:45:33Z" finished-at="2016-11-04T15:45:33Z">
          <reporter-output>
          </reporter-output>
        </test-method> <!-- take_screenshot_on_failure -->
        <test-method status="SKIP" signature="handleTestMethodName(java.lang.reflect.Method)[pri:0, instance:com.qait.demo.tests.TestLevel2_GenericEcommerseSiteTest_Stubs_Written_Method_Needs_To_Be_Implemented@91161c7]" name="handleTestMethodName" is-config="true" duration-ms="0" started-at="2016-11-04T15:45:33Z" finished-at="2016-11-04T15:45:33Z">
          <reporter-output>
          </reporter-output>
        </test-method> <!-- handleTestMethodName -->
        <test-method status="SKIP" signature="TestStep5_AddProductToCart()[pri:0, instance:com.qait.demo.tests.TestLevel2_GenericEcommerseSiteTest_Stubs_Written_Method_Needs_To_Be_Implemented@91161c7]" name="TestStep5_AddProductToCart" duration-ms="2" started-at="2016-11-04T15:45:33Z" finished-at="2016-11-04T15:45:33Z">
          <reporter-output>
          </reporter-output>
        </test-method> <!-- TestStep5_AddProductToCart -->
        <test-method status="SKIP" signature="take_screenshot_on_failure(org.testng.ITestResult)[pri:0, instance:com.qait.demo.tests.TestLevel2_GenericEcommerseSiteTest_Stubs_Written_Method_Needs_To_Be_Implemented@91161c7]" name="take_screenshot_on_failure" is-config="true" duration-ms="0" started-at="2016-11-04T15:45:33Z" finished-at="2016-11-04T15:45:33Z">
          <reporter-output>
          </reporter-output>
        </test-method> <!-- take_screenshot_on_failure -->
        <test-method status="SKIP" signature="handleTestMethodName(java.lang.reflect.Method)[pri:0, instance:com.qait.demo.tests.TestLevel2_GenericEcommerseSiteTest_Stubs_Written_Method_Needs_To_Be_Implemented@91161c7]" name="handleTestMethodName" is-config="true" duration-ms="0" started-at="2016-11-04T15:45:33Z" finished-at="2016-11-04T15:45:33Z">
          <reporter-output>
          </reporter-output>
        </test-method> <!-- handleTestMethodName -->
        <test-method status="SKIP" signature="TestStep6_AddToCompare()[pri:0, instance:com.qait.demo.tests.TestLevel2_GenericEcommerseSiteTest_Stubs_Written_Method_Needs_To_Be_Implemented@91161c7]" name="TestStep6_AddToCompare" duration-ms="1" started-at="2016-11-04T15:45:33Z" finished-at="2016-11-04T15:45:33Z">
          <reporter-output>
          </reporter-output>
        </test-method> <!-- TestStep6_AddToCompare -->
        <test-method status="SKIP" signature="take_screenshot_on_failure(org.testng.ITestResult)[pri:0, instance:com.qait.demo.tests.TestLevel2_GenericEcommerseSiteTest_Stubs_Written_Method_Needs_To_Be_Implemented@91161c7]" name="take_screenshot_on_failure" is-config="true" duration-ms="0" started-at="2016-11-04T15:45:33Z" finished-at="2016-11-04T15:45:33Z">
          <reporter-output>
          </reporter-output>
        </test-method> <!-- take_screenshot_on_failure -->
        <test-method status="SKIP" signature="handleTestMethodName(java.lang.reflect.Method)[pri:0, instance:com.qait.demo.tests.TestLevel2_GenericEcommerseSiteTest_Stubs_Written_Method_Needs_To_Be_Implemented@91161c7]" name="handleTestMethodName" is-config="true" duration-ms="0" started-at="2016-11-04T15:45:33Z" finished-at="2016-11-04T15:45:33Z">
          <reporter-output>
          </reporter-output>
        </test-method> <!-- handleTestMethodName -->
        <test-method status="SKIP" signature="TestStep9_VerifyingBuyNowIsDisplayed()[pri:0, instance:com.qait.demo.tests.TestLevel2_GenericEcommerseSiteTest_Stubs_Written_Method_Needs_To_Be_Implemented@91161c7]" name="TestStep9_VerifyingBuyNowIsDisplayed" duration-ms="1" started-at="2016-11-04T15:45:33Z" finished-at="2016-11-04T15:45:33Z">
          <reporter-output>
          </reporter-output>
        </test-method> <!-- TestStep9_VerifyingBuyNowIsDisplayed -->
        <test-method status="SKIP" signature="take_screenshot_on_failure(org.testng.ITestResult)[pri:0, instance:com.qait.demo.tests.TestLevel2_GenericEcommerseSiteTest_Stubs_Written_Method_Needs_To_Be_Implemented@91161c7]" name="take_screenshot_on_failure" is-config="true" duration-ms="0" started-at="2016-11-04T15:45:33Z" finished-at="2016-11-04T15:45:33Z">
          <reporter-output>
          </reporter-output>
        </test-method> <!-- take_screenshot_on_failure -->
        <test-method status="SKIP" signature="handleTestMethodName(java.lang.reflect.Method)[pri:0, instance:com.qait.demo.tests.TestLevel2_GenericEcommerseSiteTest_Stubs_Written_Method_Needs_To_Be_Implemented@91161c7]" name="handleTestMethodName" is-config="true" duration-ms="0" started-at="2016-11-04T15:45:33Z" finished-at="2016-11-04T15:45:33Z">
          <reporter-output>
          </reporter-output>
        </test-method> <!-- handleTestMethodName -->
        <test-method status="SKIP" signature="TestStep10_VerifyingPinCode()[pri:0, instance:com.qait.demo.tests.TestLevel2_GenericEcommerseSiteTest_Stubs_Written_Method_Needs_To_Be_Implemented@91161c7]" name="TestStep10_VerifyingPinCode" duration-ms="2" started-at="2016-11-04T15:45:33Z" finished-at="2016-11-04T15:45:33Z">
          <reporter-output>
          </reporter-output>
        </test-method> <!-- TestStep10_VerifyingPinCode -->
        <test-method status="SKIP" signature="take_screenshot_on_failure(org.testng.ITestResult)[pri:0, instance:com.qait.demo.tests.TestLevel2_GenericEcommerseSiteTest_Stubs_Written_Method_Needs_To_Be_Implemented@91161c7]" name="take_screenshot_on_failure" is-config="true" duration-ms="0" started-at="2016-11-04T15:45:33Z" finished-at="2016-11-04T15:45:33Z">
          <reporter-output>
          </reporter-output>
        </test-method> <!-- take_screenshot_on_failure -->
        <test-method status="SKIP" signature="handleTestMethodName(java.lang.reflect.Method)[pri:0, instance:com.qait.demo.tests.TestLevel2_GenericEcommerseSiteTest_Stubs_Written_Method_Needs_To_Be_Implemented@91161c7]" name="handleTestMethodName" is-config="true" duration-ms="0" started-at="2016-11-04T15:45:33Z" finished-at="2016-11-04T15:45:33Z">
          <reporter-output>
          </reporter-output>
        </test-method> <!-- handleTestMethodName -->
        <test-method status="SKIP" signature="TestStep7_VerifyCart()[pri:0, instance:com.qait.demo.tests.TestLevel2_GenericEcommerseSiteTest_Stubs_Written_Method_Needs_To_Be_Implemented@91161c7]" name="TestStep7_VerifyCart" duration-ms="3" started-at="2016-11-04T15:45:33Z" finished-at="2016-11-04T15:45:33Z">
          <reporter-output>
          </reporter-output>
        </test-method> <!-- TestStep7_VerifyCart -->
        <test-method status="SKIP" signature="take_screenshot_on_failure(org.testng.ITestResult)[pri:0, instance:com.qait.demo.tests.TestLevel2_GenericEcommerseSiteTest_Stubs_Written_Method_Needs_To_Be_Implemented@91161c7]" name="take_screenshot_on_failure" is-config="true" duration-ms="0" started-at="2016-11-04T15:45:33Z" finished-at="2016-11-04T15:45:33Z">
          <reporter-output>
          </reporter-output>
        </test-method> <!-- take_screenshot_on_failure -->
        <test-method status="SKIP" signature="close_Test_Session()[pri:0, instance:com.qait.demo.tests.TestLevel2_GenericEcommerseSiteTest_Stubs_Written_Method_Needs_To_Be_Implemented@91161c7]" name="close_Test_Session" is-config="true" duration-ms="0" started-at="2016-11-04T15:45:33Z" finished-at="2016-11-04T15:45:33Z">
          <reporter-output>
          </reporter-output>
        </test-method> <!-- close_Test_Session -->
      </class> <!-- com.qait.demo.tests.TestLevel2_GenericEcommerseSiteTest_Stubs_Written_Method_Needs_To_Be_Implemented -->
    </test> <!-- Default test -->
  </suite> <!-- Default suite -->
</testng-results>
